Timestamp: 28/01/2010 11:16:07 Severity: Error 
Message: No se puede obtener acceso al objeto eliminado.
Nombre del objeto: 'TransactionScope'.
Iberdrola.Commons.Exceptions.DALException: No se puede obtener acceso al objeto eliminado.
Nombre del objeto: 'TransactionScope'.
System.ObjectDisposedException: No se puede obtener acceso al objeto eliminado.
Nombre del objeto: 'TransactionScope'.
   en Iberdrola.SMG.DAL.DB.LoteDB.GenerarLote(LoteDTO loteDto, List`1 lista) en c:\Proyectos\IBERDR13\SMG\DESARROLLO\SMG.Web\App_Code\CS_Code\SMG\DAL\DB\LoteDB.cs:línea 128
   en Lotes.GenerarLote(String strTextoLote, List`1 listaVisitas) en c:\Proyectos\IBERDR13\SMG\DESARROLLO\SMG.Web\App_Code\CS_Code\SMG\BLL\Lotes.cs:línea 84
   en Iberdrola.SMG.UI.FrmModalGenerarVisitas.OnBtnGenerar_Click(Object sender, EventArgs e) en c:\Proyectos\IBERDR13\SMG\DESARROLLO\SMG.Web\UI\FrmModalGenerarVisitas.aspx.cs:línea 83
----------------------------------------
Timestamp: 28/01/2010 11:20:57 Severity: Error 
Message: No se puede obtener acceso al objeto eliminado.
Nombre del objeto: 'TransactionScope'.
Iberdrola.Commons.Exceptions.DALException: No se puede obtener acceso al objeto eliminado.
Nombre del objeto: 'TransactionScope'.
System.ObjectDisposedException: No se puede obtener acceso al objeto eliminado.
Nombre del objeto: 'TransactionScope'.
   en Iberdrola.SMG.DAL.DB.LoteDB.GenerarLote(LoteDTO loteDto, List`1 lista) en c:\Proyectos\IBERDR13\SMG\DESARROLLO\SMG.Web\App_Code\CS_Code\SMG\DAL\DB\LoteDB.cs:línea 128
   en Lotes.GenerarLote(String strTextoLote, List`1 listaVisitas) en c:\Proyectos\IBERDR13\SMG\DESARROLLO\SMG.Web\App_Code\CS_Code\SMG\BLL\Lotes.cs:línea 84
   en Iberdrola.SMG.UI.FrmModalGenerarVisitas.OnBtnGenerar_Click(Object sender, EventArgs e) en c:\Proyectos\IBERDR13\SMG\DESARROLLO\SMG.Web\UI\FrmModalGenerarVisitas.aspx.cs:línea 83
----------------------------------------
Timestamp: 06/05/2016 9:58:35 Severity: Error 
Message: Error al buscar el contador de visitas para el técnico :: Referencia a objeto no establecida como instancia de un objeto.
System.NullReferenceException: Referencia a objeto no establecida como instancia de un objeto.
   en Iberdrola.SMG.DAL.DB.VisitasDB.ObtenerNumeroVisitasTecnicoDia(Int32 tecnico, DateTime fechaVisita) en c:\Proyectos\IBERDROLA13\smg\branches\SMG_PAGO_ANTICIPADO\web\desarrollo\SMG.Web\App_Code\CS_Code\SMG\WS\DAL\DB\VisitasDB.cs:línea 85
----------------------------------------
Timestamp: 06/05/2016 10:00:08 Severity: Error 
Message: Error al buscar el contador de visitas para el técnico :: Referencia a objeto no establecida como instancia de un objeto.
System.NullReferenceException: Referencia a objeto no establecida como instancia de un objeto.
   en Iberdrola.SMG.DAL.DB.VisitasDB.ObtenerNumeroVisitasTecnicoDia(Int32 tecnico, DateTime fechaVisita) en c:\Proyectos\IBERDROLA13\smg\branches\SMG_PAGO_ANTICIPADO\web\desarrollo\SMG.Web\App_Code\CS_Code\SMG\WS\DAL\DB\VisitasDB.cs:línea 85
----------------------------------------
Timestamp: 11/05/2016 8:54:41 Severity: Error 
Message: Error al buscar el contador de visitas para el técnico :: La conversión especificada no es válida.
System.InvalidCastException: La conversión especificada no es válida.
   en Iberdrola.SMG.DAL.DB.VisitasDB.ObtenerNumeroVisitasTecnicoDia(Int32 tecnico, DateTime fechaVisita) en c:\Proyectos\IBERDROLA13\smg\branches\SMG_PAGO_ANTICIPADO\web\desarrollo\SMG.Web\App_Code\CS_Code\SMG\WS\DAL\DB\VisitasDB.cs:línea 85
----------------------------------------
Timestamp: 11/05/2016 8:54:53 Severity: Error 
Message: Error al buscar el contador de visitas para el técnico :: La conversión especificada no es válida.
System.InvalidCastException: La conversión especificada no es válida.
   en Iberdrola.SMG.DAL.DB.VisitasDB.ObtenerNumeroVisitasTecnicoDia(Int32 tecnico, DateTime fechaVisita) en c:\Proyectos\IBERDROLA13\smg\branches\SMG_PAGO_ANTICIPADO\web\desarrollo\SMG.Web\App_Code\CS_Code\SMG\WS\DAL\DB\VisitasDB.cs:línea 85
----------------------------------------
Timestamp: 11/05/2016 8:55:05 Severity: Error 
Message: Error al buscar el contador de visitas para el técnico :: La conversión especificada no es válida.
System.InvalidCastException: La conversión especificada no es válida.
   en Iberdrola.SMG.DAL.DB.VisitasDB.ObtenerNumeroVisitasTecnicoDia(Int32 tecnico, DateTime fechaVisita) en c:\Proyectos\IBERDROLA13\smg\branches\SMG_PAGO_ANTICIPADO\web\desarrollo\SMG.Web\App_Code\CS_Code\SMG\WS\DAL\DB\VisitasDB.cs:línea 85
----------------------------------------
Timestamp: 11/05/2016 8:56:48 Severity: Error 
Message: Error al buscar el contador de visitas para el técnico :: La conversión especificada no es válida.
System.InvalidCastException: La conversión especificada no es válida.
   en Iberdrola.SMG.DAL.DB.VisitasDB.ObtenerNumeroVisitasTecnicoDia(Int32 tecnico, DateTime fechaVisita) en c:\Proyectos\IBERDROLA13\smg\branches\SMG_PAGO_ANTICIPADO\web\desarrollo\SMG.Web\App_Code\CS_Code\SMG\WS\DAL\DB\VisitasDB.cs:línea 85
----------------------------------------
Timestamp: 11/05/2016 13:26:34 Severity: Error 
Message: Error al buscar los datos de la visita para el cierre :: Could not find stored procedure 'spSMGDatosVisitaParaCierreGet'.
Iberdrola.Commons.Exceptions.ArqException: Could not find stored procedure 'spSMGDatosVisitaParaCierreGet'.
System.Data.SqlClient.SqlException: Could not find stored procedure 'spSMGDatosVisitaParaCierreGet'.
   en Iberdrola.Commons.DataAccess.DataBaseLibrary.RunProcDataTable(String procName, String[] paramsName, DbType[] paramsType, Object[] paramsValue) en c:\Proyectos\IBERDROLA13\smg\branches\SMG_PAGO_ANTICIPADO\web\desarrollo\SMG.Web\App_Code\CS_Code\Commons\DataAccess\DataBaseLibrary.cs:línea 409
   en Iberdrola.SMG.DAL.DB.VisitasDB.DatosVisitaParaCierreGet(String contrato, Int32 codVisita) en c:\Proyectos\IBERDROLA13\smg\branches\SMG_PAGO_ANTICIPADO\web\desarrollo\SMG.Web\App_Code\CS_Code\SMG\WS\DAL\DB\VisitasDB.cs:línea 42
----------------------------------------
Timestamp: 25/09/2020 12:29:49 Severity: Error 
Message: La conversión especificada no es válida.
Iberdrola.Commons.Exceptions.DALException: La conversión especificada no es válida.
System.InvalidCastException: La conversión especificada no es válida.
   en Iberdrola.SMG.DAL.DB.VisitaCaracteristicaDB.ObtenerVisitaCaracteristicasTicketCombustion(String codContrato, Nullable`1 codVisita) en c:\Proyectos\Iberdr13\SMG\trunk\web\desarrollo\SMG.Web\App_Code\CS_Code\SMG\DAL\DB\VisitaCaracteristicaDB.cs:línea 133
   en Iberdrola.SMG.BLL.VisitaCaracteristica.ObtenerVisitaCaracteristicasTicketCombustion(String codContrato, Nullable`1 codVisita) en c:\Proyectos\Iberdr13\SMG\trunk\web\desarrollo\SMG.Web\App_Code\CS_Code\SMG\BLL\VisitaCaracteristica.cs:línea 46
   en Iberdrola.SMG.BLL.TicketCombustion.ObtenerTicketCombustion(String codContrato, Nullable`1 codVisita) en c:\Proyectos\Iberdr13\SMG\trunk\web\desarrollo\SMG.Web\App_Code\CS_Code\SMG\BLL\TicketCombustion.cs:línea 40
   en Iberdrola.SMG.UI.FrmModalTicketCombustion.Page_Load(Object sender, EventArgs e) en c:\Proyectos\Iberdr13\SMG\trunk\web\desarrollo\SMG.Web\UI\FrmModalTicketCombustion.aspx.cs:línea 42
----------------------------------------
Timestamp: 14/10/2020 13:42:42 Severity: Error 
Message: La conversión especificada no es válida.
Iberdrola.Commons.Exceptions.DALException: La conversión especificada no es válida.
System.InvalidCastException: La conversión especificada no es válida.
   en Iberdrola.SMG.DAL.DB.TicketCombustionDB.ObtenerPorCodContratoYCodvisita(String codContrato, Int32 codVisita) en c:\Proyectos\Iberdr13\SMG\trunk\web\desarrollo\SMG.Web\App_Code\CS_Code\SMG\DAL\DB\TicketCombustionDB.cs:línea 194
   en Iberdrola.SMG.BLL.TicketCombustion.ObtenerPorCodContratoYCodvisita(String codContrato, Int32 codVisita) en c:\Proyectos\Iberdr13\SMG\trunk\web\desarrollo\SMG.Web\App_Code\CS_Code\SMG\BLL\TicketCombustion.cs:línea 39
   en Iberdrola.SMG.UI.FrmModalTicketCombustion.Page_Load(Object sender, EventArgs e) en c:\Proyectos\Iberdr13\SMG\trunk\web\desarrollo\SMG.Web\UI\FrmModalTicketCombustion.aspx.cs:línea 43
----------------------------------------
Timestamp: 14/10/2020 13:52:45 Severity: Error 
Message: Referencia a objeto no establecida como instancia de un objeto.
Iberdrola.Commons.Exceptions.DALException: Referencia a objeto no establecida como instancia de un objeto.
System.NullReferenceException: Referencia a objeto no establecida como instancia de un objeto.
   en Iberdrola.SMG.DAL.DB.TicketCombustionDB.ObtenerPorCodContratoYCodvisita(String codContrato, Int32 codVisita) en c:\Proyectos\Iberdr13\SMG\trunk\web\desarrollo\SMG.Web\App_Code\CS_Code\SMG\DAL\DB\TicketCombustionDB.cs:línea 194
   en Iberdrola.SMG.BLL.TicketCombustion.ObtenerPorCodContratoYCodvisita(String codContrato, Int32 codVisita) en c:\Proyectos\Iberdr13\SMG\trunk\web\desarrollo\SMG.Web\App_Code\CS_Code\SMG\BLL\TicketCombustion.cs:línea 39
   en Iberdrola.SMG.UI.FrmModalTicketCombustion.Page_Load(Object sender, EventArgs e) en c:\Proyectos\Iberdr13\SMG\trunk\web\desarrollo\SMG.Web\UI\FrmModalTicketCombustion.aspx.cs:línea 43
----------------------------------------
Timestamp: 20/10/2020 8:56:30 Severity: Error 
Message: La conversión especificada no es válida.
Iberdrola.Commons.Exceptions.DALException: La conversión especificada no es válida.
System.InvalidCastException: La conversión especificada no es válida.
   en Iberdrola.SMG.DAL.DB.TicketCombustionDB.ObtenerPorCodContratoYCodvisita(String codContrato, Int32 codVisita) en c:\Proyectos\Iberdr13\SMG\trunk\web\desarrollo\SMG.Web\App_Code\CS_Code\SMG\DAL\DB\TicketCombustionDB.cs:línea 194
   en Iberdrola.SMG.BLL.TicketCombustion.ObtenerPorCodContratoYCodvisita(String codContrato, Int32 codVisita) en c:\Proyectos\Iberdr13\SMG\trunk\web\desarrollo\SMG.Web\App_Code\CS_Code\SMG\BLL\TicketCombustion.cs:línea 39
   en Iberdrola.SMG.UI.FrmModalTicketCombustion.Page_Load(Object sender, EventArgs e) en c:\Proyectos\Iberdr13\SMG\trunk\web\desarrollo\SMG.Web\UI\FrmModalTicketCombustion.aspx.cs:línea 38
----------------------------------------
Timestamp: 20/10/2020 8:56:50 Severity: Error 
Message: La conversión especificada no es válida.
Iberdrola.Commons.Exceptions.DALException: La conversión especificada no es válida.
System.InvalidCastException: La conversión especificada no es válida.
   en Iberdrola.SMG.DAL.DB.TicketCombustionDB.ObtenerPorCodContratoYCodvisita(String codContrato, Int32 codVisita) en c:\Proyectos\Iberdr13\SMG\trunk\web\desarrollo\SMG.Web\App_Code\CS_Code\SMG\DAL\DB\TicketCombustionDB.cs:línea 194
   en Iberdrola.SMG.BLL.TicketCombustion.ObtenerPorCodContratoYCodvisita(String codContrato, Int32 codVisita) en c:\Proyectos\Iberdr13\SMG\trunk\web\desarrollo\SMG.Web\App_Code\CS_Code\SMG\BLL\TicketCombustion.cs:línea 39
   en Iberdrola.SMG.UI.FrmModalTicketCombustion.Page_Load(Object sender, EventArgs e) en c:\Proyectos\Iberdr13\SMG\trunk\web\desarrollo\SMG.Web\UI\FrmModalTicketCombustion.aspx.cs:línea 38
----------------------------------------
Timestamp: 20/10/2020 9:13:52 Severity: Error 
Message: Índice fuera de los límites de la matriz.
Iberdrola.Commons.Exceptions.DALException: Índice fuera de los límites de la matriz.
System.IndexOutOfRangeException: Índice fuera de los límites de la matriz.
   en Iberdrola.SMG.DAL.DB.TicketCombustionDB.ObtenerPorCodContratoYCodvisita(String codContrato, Nullable`1 idSolicitud, Nullable`1 codVisita) en c:\Proyectos\Iberdr13\SMG\trunk\web\desarrollo\SMG.Web\App_Code\CS_Code\SMG\DAL\DB\TicketCombustionDB.cs:línea 198
   en Iberdrola.SMG.BLL.TicketCombustion.ObtenerPorCodContratoYCodvisita(String codContrato, Nullable`1 idSolicitud, Nullable`1 codVisita) en c:\Proyectos\Iberdr13\SMG\trunk\web\desarrollo\SMG.Web\App_Code\CS_Code\SMG\BLL\TicketCombustion.cs:línea 39
   en Iberdrola.SMG.UI.FrmModalTicketCombustion.Page_Load(Object sender, EventArgs e) en c:\Proyectos\Iberdr13\SMG\trunk\web\desarrollo\SMG.Web\UI\FrmModalTicketCombustion.aspx.cs:línea 38
----------------------------------------
Timestamp: 20/10/2020 9:16:08 Severity: Error 
Message: Índice fuera de los límites de la matriz.
Iberdrola.Commons.Exceptions.DALException: Índice fuera de los límites de la matriz.
System.IndexOutOfRangeException: Índice fuera de los límites de la matriz.
   en Iberdrola.SMG.DAL.DB.TicketCombustionDB.ObtenerPorCodContratoYCodvisita(String codContrato, Nullable`1 idSolicitud, Nullable`1 codVisita) en c:\Proyectos\Iberdr13\SMG\trunk\web\desarrollo\SMG.Web\App_Code\CS_Code\SMG\DAL\DB\TicketCombustionDB.cs:línea 198
   en Iberdrola.SMG.BLL.TicketCombustion.ObtenerPorCodContratoYCodvisita(String codContrato, Nullable`1 idSolicitud, Nullable`1 codVisita) en c:\Proyectos\Iberdr13\SMG\trunk\web\desarrollo\SMG.Web\App_Code\CS_Code\SMG\BLL\TicketCombustion.cs:línea 39
   en Iberdrola.SMG.UI.FrmModalTicketCombustion.Page_Load(Object sender, EventArgs e) en c:\Proyectos\Iberdr13\SMG\trunk\web\desarrollo\SMG.Web\UI\FrmModalTicketCombustion.aspx.cs:línea 38
----------------------------------------
Timestamp: 29/10/2020 15:39:04 Severity: Error 
Message: Referencia a objeto no establecida como instancia de un objeto.
Iberdrola.Commons.Exceptions.DALException: Referencia a objeto no establecida como instancia de un objeto.
System.NullReferenceException: Referencia a objeto no establecida como instancia de un objeto.
   en Iberdrola.SMG.DAL.DB.TicketCombustionDB.ObtenerPorCodContratoYCodvisitaOIdSolicitud(String codContrato, Nullable`1 idSolicitud, Nullable`1 codVisita) en c:\Proyectos\Iberdr13\SMG\trunk\web\desarrollo\SMG.Web\App_Code\CS_Code\SMG\DAL\DB\TicketCombustionDB.cs:línea 294
   en Iberdrola.SMG.BLL.TicketCombustion.ObtenerPorCodContratoYCodvisitaOIdSolicitud(String codContrato, Nullable`1 idSolicitud, Nullable`1 codVisita) en c:\Proyectos\Iberdr13\SMG\trunk\web\desarrollo\SMG.Web\App_Code\CS_Code\SMG\BLL\TicketCombustion.cs:línea 60
   en Iberdrola.SMG.UI.FrmModalTicketCombustion.Page_Load(Object sender, EventArgs e) en c:\Proyectos\Iberdr13\SMG\trunk\web\desarrollo\SMG.Web\UI\FrmModalTicketCombustion.aspx.cs:línea 60
----------------------------------------
Timestamp: 17/08/2021 9:52:26 Severity: Error 
Message: Error al buscar el contador de visitas para el técnico :: Error relacionado con la red o específico de la instancia mientras se establecía una conexión con el servidor SQL Server. No se encontró el servidor o éste no estaba accesible. Compruebe que el nombre de la instancia es correcto y que SQL Server está configurado para admitir conexiones remotas. (provider: TCP Provider, error: 0 - Tiempo de espera de la operación de espera agotado.)
Iberdrola.Commons.Exceptions.ArqException: Error relacionado con la red o específico de la instancia mientras se establecía una conexión con el servidor SQL Server. No se encontró el servidor o éste no estaba accesible. Compruebe que el nombre de la instancia es correcto y que SQL Server está configurado para admitir conexiones remotas. (provider: TCP Provider, error: 0 - Tiempo de espera de la operación de espera agotado.)
System.Data.SqlClient.SqlException: Error relacionado con la red o específico de la instancia mientras se establecía una conexión con el servidor SQL Server. No se encontró el servidor o éste no estaba accesible. Compruebe que el nombre de la instancia es correcto y que SQL Server está configurado para admitir conexiones remotas. (provider: TCP Provider, error: 0 - Tiempo de espera de la operación de espera agotado.)
   en Iberdrola.Commons.DataAccess.DataBaseLibrary.RunProcEscalar(String procName, String[] paramsName, DbType[] paramsType, Object[] paramsValue) en c:\Proyectos\Iberdr13\SMG\trunk\web\desarrollo\SMG.Web\App_Code\CS_Code\Commons\DataAccess\DataBaseLibrary.cs:línea 277
   en Iberdrola.SMG.DAL.DB.VisitasWSDB.ObtenerNumeroVisitasTecnicoDia(Int32 tecnico, DateTime fechaVisita) en c:\Proyectos\Iberdr13\SMG\trunk\web\desarrollo\SMG.Web\App_Code\CS_Code\SMG\DAL\DB\VisitasWSDB.cs:línea 210
----------------------------------------
Timestamp: 24/08/2021 12:38:11 Severity: Error 
Message: Error al buscar el equipamiento: Se ha establecido la conexión con el servidor correctamente, pero se ha producido un error durante el inicio de sesión previo del protocolo de enlace. (provider: TCP Provider, error: 0 - El sistema local anuló la conexión de red.)
Iberdrola.Commons.Exceptions.ArqException: Se ha establecido la conexión con el servidor correctamente, pero se ha producido un error durante el inicio de sesión previo del protocolo de enlace. (provider: TCP Provider, error: 0 - El sistema local anuló la conexión de red.)
System.Data.SqlClient.SqlException: Se ha establecido la conexión con el servidor correctamente, pero se ha producido un error durante el inicio de sesión previo del protocolo de enlace. (provider: TCP Provider, error: 0 - El sistema local anuló la conexión de red.)
   en Iberdrola.Commons.DataAccess.DataBaseLibrary.RunProcEscalar(String procName, String[] paramsName, DbType[] paramsType, Object[] paramsValue) en c:\Proyectos\Iberdr13\SMG\trunk\web\desarrollo\SMG.Web\App_Code\CS_Code\Commons\DataAccess\DataBaseLibrary.cs:línea 277
   en Iberdrola.SMG.DAL.DB.VisitasWSDB.ObtenerIdEquipamientoActual(String contrato, String potencia, Int32 TipoEquipamiento) en c:\Proyectos\Iberdr13\SMG\trunk\web\desarrollo\SMG.Web\App_Code\CS_Code\SMG\DAL\DB\VisitasWSDB.cs:línea 70
----------------------------------------
